<?xml version="1.0" encoding="UTF-8"?>
<testng-results skipped="0" failed="0" ignored="0" total="1" passed="1">
  <reporter-output>
  </reporter-output>
  <suite name="Build_creation" duration-ms="142" started-at="2022-02-01T10:39:06 IST" finished-at="2022-02-01T10:39:06 IST">
    <groups>
    </groups>
    <test name="Test" duration-ms="142" started-at="2022-02-01T10:39:06 IST" finished-at="2022-02-01T10:39:06 IST">
      <class name="selenium_Practice_BuildCreation.BuildCreationTest">
        <test-method status="PASS" signature="BuildCre01()[pri:0, instance:selenium_Practice_BuildCreation.BuildCreationTest@76a3e297]" name="BuildCre01" duration-ms="26" started-at="2022-02-01T10:39:06 IST" finished-at="2022-02-01T10:39:06 IST">
          <reporter-output>
          </reporter-output>
        </test-method> <!-- BuildCre01 -->
      </class> <!-- selenium_Practice_BuildCreation.BuildCreationTest -->
    </test> <!-- Test -->
  </suite> <!-- Build_creation -->
</testng-results>
